2025-07-21 08:30:02,248 - INFO - ==================== 开始执行统计任务 ====================
2025-07-21 08:30:02,248 - INFO - 搜索时间范围: 2025-07-14 00:00:00 到 2025-07-20 23:59:59.999999
2025-07-21 08:30:02,721 - INFO - 成功获取访问令牌
2025-07-21 08:30:02,721 - INFO - 正在获取所有团队列表...
2025-07-21 08:30:03,016 - INFO - 正在从 25 个目标群组中筛选频道...
2025-07-21 08:30:42,136 - INFO - 共找到 25 个频道需要处理。
2025-07-21 08:30:42,136 - INFO - 处理进度: 1/25 - SHT049 客服群 - General
2025-07-21 08:30:46,552 - INFO - 处理进度: 2/25 - SHY02 客服群 - General
2025-07-21 08:30:50,767 - INFO - 处理进度: 3/25 - CCX003 客服群 - General
2025-07-21 08:30:56,697 - INFO - 处理进度: 4/25 - CCX004 客服群 - General
2025-07-21 08:31:01,280 - INFO - 处理进度: 5/25 - VSH000 客服群 - General
2025-07-21 08:31:05,114 - INFO - 处理进度: 6/25 - HZL008 客服群 - General
2025-07-21 08:31:11,130 - INFO - 处理进度: 7/25 - HZL 005 客服群 - General
2025-07-21 08:31:33,015 - INFO - 处理进度: 8/25 - SHS000 客服群 - General
2025-07-21 08:31:36,943 - INFO - 处理进度: 9/25 - SHT042 客服群 - General
2025-07-21 08:31:44,227 - INFO - 处理进度: 10/25 - JSA000 客服群 - General
2025-07-21 08:31:47,053 - INFO - 处理进度: 11/25 - CCX000 客服群 - General
2025-07-21 08:31:51,582 - INFO - 处理进度: 12/25 - SZS000 客服群 - General
2025-07-21 08:32:00,704 - INFO - 处理进度: 13/25 - HZL0111客服群 - General
2025-07-21 08:32:05,121 - INFO - 处理进度: 14/25 - SHF001 客服群 - General
2025-07-21 08:32:08,640 - INFO - 处理进度: 15/25 - HNE000 客服群 - General
2025-07-21 08:32:12,446 - INFO - 处理进度: 16/25 - HZL009 客服群 - General
2025-07-21 08:32:24,434 - INFO - 处理进度: 17/25 - SHY01 客服群 - General
2025-07-21 08:32:28,807 - INFO - 处理进度: 18/25 - SZU000 客服群 - General
2025-07-21 08:32:38,627 - INFO - 处理进度: 19/25 - SHP000 客服群 - General
2025-07-21 08:32:42,826 - INFO - 处理进度: 20/25 - SHY03 客服群 - General
2025-07-21 08:32:47,126 - INFO - 处理进度: 21/25 - SZS003 客服群 - General
2025-07-21 08:32:52,008 - INFO - 处理进度: 22/25 - SHT000 客服群 - General
2025-07-21 08:32:57,496 - INFO - 处理进度: 23/25 - HZL012客服群 - General
2025-07-21 08:33:02,314 - INFO - 处理进度: 24/25 - HZL013客服群 - General
2025-07-21 08:33:18,056 - INFO - 处理进度: 25/25 - HZL014客服群 - General
2025-07-21 08:33:23,928 - INFO - ✅ 统计完成，结果已保存到 channel_message_stats_20250714-20250720.csv
2025-07-21 08:33:23,940 - INFO - 
               Sender  Total Messages  SHT049 客服群 - General  SHY02 客服群 - General  CCX003 客服群 - General  CCX004 客服群 - General  VSH000 客服群 - General  HZL008 客服群 - General  HZL 005 客服群 - General  SHS000 客服群 - General  SHT042 客服群 - General  JSA000 客服群 - General  CCX000 客服群 - General  SZS000 客服群 - General  HZL0111客服群 - General  SHF001 客服群 - General  HNE000 客服群 - General  HZL009 客服群 - General  SHY01 客服群 - General  SZU000 客服群 - General  SHP000 客服群 - General  SHY03 客服群 - General  SZS003 客服群 - General  SHT000 客服群 - General  HZL012客服群 - General  HZL013客服群 - General  HZL014客服群 - General
3      KS - Anna Yang             270                   2.0                  2.0                   9.0                   2.0                   2.0                   4.0                   78.0                   2.0                  12.0                   NaN                  11.0                  22.0                   2.0                   2.0                   5.0                  32.0                  2.0                  48.0                   2.0                  2.0                   6.0                  10.0                  2.0                  9.0                  2.0
2   KS - Ophelia Chen             255                   3.0                  3.0                   3.0                   3.0                   3.0                   7.0                   33.0                   3.0                  13.0                   3.0                   3.0                  22.0                   3.0                   3.0                   3.0                   9.0                  3.0                  25.0                   3.0                  3.0                   3.0                   3.0                  3.0                 80.0                 15.0
5   KS - Kristie Wong             188                   NaN                  NaN                   4.0                   NaN                   NaN                   4.0                   50.0                   NaN                  11.0                   NaN                   8.0                  20.0                   NaN                   NaN                   NaN                  16.0                  NaN                  13.0                   NaN                  NaN                   3.0                  14.0                  NaN                 37.0                  8.0
0      KS - Joshua.Xu             153                   2.0                  2.0                   9.0                   2.0                   2.0                   4.0                   31.0                   2.0                   6.0                   1.0                   9.0                   6.0                   2.0                   2.0                   2.0                  15.0                  2.0                  11.0                   2.0                  2.0                   4.0                   4.0                  2.0                 21.0                  8.0
26            HZL 013             138                   NaN                  NaN                   NaN                   NaN                   NaN                   NaN                    NaN                   NaN                   NaN                   NaN                   NaN                   NaN                   NaN                   NaN                   NaN                   NaN                  NaN                   NaN                   NaN                  NaN                   NaN                   NaN                  NaN                138.0                  NaN
9          HZL001 LCY              96                   NaN                  NaN                   NaN                   NaN                   NaN                   NaN                   85.0                   NaN                   NaN                   NaN                   NaN                   NaN                   NaN                   NaN                   NaN                   5.0                  NaN                   NaN                   NaN                  NaN                   NaN                   NaN                  NaN                  6.0                  NaN
8             HZL 005              93                   NaN                  NaN                   NaN                   NaN                   NaN                   NaN                   93.0                   NaN                   NaN                   NaN                   NaN                   NaN                   NaN                   NaN                   NaN                   NaN                  NaN                   NaN                   NaN                  NaN                   NaN                   NaN                  NaN                  NaN                  NaN
16     SZS003 Rebecca              69                   NaN                  NaN                   NaN                   NaN                   NaN                   NaN                    NaN                   NaN                   NaN                   NaN                   NaN                  63.0                   NaN                   NaN                   NaN                   NaN                  NaN                   NaN                   NaN                  NaN                   6.0                   NaN                  NaN                  NaN                  NaN
22       SZU001 D.Sun              67                   NaN                  NaN                   NaN                   NaN                   NaN                   NaN                    NaN                   NaN                   NaN                   NaN                   NaN                   NaN                   NaN                   NaN                   NaN                   NaN                  NaN                  67.0                   NaN                  NaN                   NaN                   NaN                  NaN                  NaN                  NaN
21            HZL 009              64                   NaN                  NaN                   NaN                   NaN                   NaN                   NaN                    NaN                   NaN                   NaN                   NaN                   NaN                   NaN                   NaN                   NaN                   NaN                  64.0                  NaN                   NaN                   NaN                  NaN                   NaN                   NaN                  NaN                  NaN                  NaN
1   KS - Vincent Shih              41                   1.0                  1.0                   1.0                   1.0                   1.0                   1.0                    1.0                   1.0                   1.0                   1.0                   1.0                   1.0                   1.0                   1.0                   1.0                  11.0                  1.0                   5.0                   1.0                  1.0                   1.0                   2.0                  1.0                  1.0                  2.0
27            HZL 014              28                   NaN                  NaN                   NaN                   NaN                   NaN                   NaN                    NaN                   NaN                   NaN                   NaN                   NaN                   NaN                   NaN                   NaN                   NaN                   NaN                  NaN                   NaN                   NaN                  NaN                   NaN                   NaN                  NaN                  NaN                 28.0
14         SHT037 LJJ              28                   NaN                  NaN                   NaN                   NaN                   NaN                   NaN                    NaN                   NaN                  28.0                   NaN                   NaN                   NaN                   NaN                   NaN                   NaN                   NaN                  NaN                   NaN                   NaN                  NaN                   NaN                   NaN                  NaN                  NaN                  NaN
24         SHT001 Sam              26                   NaN                  NaN                   NaN                   NaN                   NaN                   NaN                    NaN                   NaN                   NaN                   NaN                   NaN                   NaN                   NaN                   NaN                   NaN                   NaN                  NaN                   NaN                   NaN                  NaN                   NaN                  26.0                  NaN                  NaN                  NaN
4          CCX003 Amy              22                   NaN                  NaN                  22.0                   NaN                   NaN                   NaN                    NaN                   NaN                   NaN                   NaN                   NaN                   NaN                   NaN                   NaN                   NaN                   NaN                  NaN                   NaN                   NaN                  NaN                   NaN                   NaN                  NaN                  NaN                  NaN
15       CCX001 ChriX              20                   NaN                  NaN                   NaN                   NaN                   NaN                   NaN                    NaN                   NaN                   NaN                   NaN                  20.0                   NaN                   NaN                   NaN                   NaN                   NaN                  NaN                   NaN                   NaN                  NaN                   NaN                   NaN                  NaN                  NaN                  NaN
6             HZL 008              17                   NaN                  NaN                   NaN                   NaN                   NaN                  17.0                    NaN                   NaN                   NaN                   NaN                   NaN                   NaN                   NaN                   NaN                   NaN                   NaN                  NaN                   NaN                   NaN                  NaN                   NaN                   NaN                  NaN                  NaN                  NaN
7      KS - Gary.Choi              17                   NaN                  NaN                   NaN                   NaN                   NaN                   3.0                    NaN                   NaN                   NaN                   NaN                   7.0                   4.0                   NaN                   NaN                   NaN                   NaN                  NaN                   NaN                   NaN                  NaN                   NaN                   NaN                  NaN                  3.0                  NaN
13         HZL001 HZB              15                   NaN                  NaN                   NaN                   NaN                   NaN                   NaN                    9.0                   NaN                   NaN                   NaN                   NaN                   NaN                   NaN                   NaN                   NaN                   NaN                  NaN                   NaN                   NaN                  NaN                   NaN                   NaN                  NaN                  6.0                  NaN
11     KS - Yuna Wong              13                   NaN                  NaN                   NaN                   NaN                   NaN                   NaN                    5.0                   NaN                   NaN                   NaN                   1.0                   2.0                   NaN                   NaN                   NaN                   NaN                  NaN                   1.0                   NaN                  NaN                   NaN                   NaN                  NaN                  4.0                  NaN
10    KS - Andy Leung               9                   NaN                  NaN                   NaN                   NaN                   NaN                   NaN                    1.0                   NaN                   NaN                   NaN                   NaN                   3.0                   NaN                   NaN                   NaN                   NaN                  NaN                   1.0                   NaN                  NaN                   NaN                   NaN                  NaN                  4.0                  NaN
25            HZL 012               5                   NaN                  NaN                   NaN                   NaN                   NaN                   NaN                    NaN                   NaN                   NaN                   NaN                   NaN                   NaN                   NaN                   NaN                   NaN                   NaN                  NaN                   NaN                   NaN                  NaN                   NaN                   NaN                  5.0                  NaN                  NaN
18        SZS001 Vita               5                   NaN                  NaN                   NaN                   NaN                   NaN                   NaN                    NaN                   NaN                   NaN                   NaN                   NaN                   5.0                   NaN                   NaN                   NaN                   NaN                  NaN                   NaN                   NaN                  NaN                   NaN                   NaN                  NaN                  NaN                  NaN
19            HZL 011               5                   NaN                  NaN                   NaN                   NaN                   NaN                   NaN                    NaN                   NaN                   NaN                   NaN                   NaN                   NaN                   5.0                   NaN                   NaN                   NaN                  NaN                   NaN                   NaN                  NaN                   NaN                   NaN                  NaN                  NaN                  NaN
23         SZU/SZD013               2                   NaN                  NaN                   NaN                   NaN                   NaN                   NaN                    NaN                   NaN                   NaN                   NaN                   NaN                   NaN                   NaN                   NaN                   NaN                   NaN                  NaN                   2.0                   NaN                  NaN                   NaN                   NaN                  NaN                  NaN                  NaN
17   KS - Lawrence Li               2                   NaN                  NaN                   NaN                   NaN                   NaN                   NaN                    NaN                   NaN                   NaN                   NaN                   NaN                   2.0                   NaN                   NaN                   NaN                   NaN                  NaN                   NaN                   NaN                  NaN                   NaN                   NaN                  NaN                  NaN                  NaN
20        HNE001 Eric               2                   NaN                  NaN                   NaN                   NaN                   NaN                   NaN                    NaN                   NaN                   NaN                   NaN                   NaN                   NaN                   NaN                   NaN                   2.0                   NaN                  NaN                   NaN                   NaN                  NaN                   NaN                   NaN                  NaN                  NaN                  NaN
12     KS - Tobe Wong               1                   NaN                  NaN                   NaN                   NaN                   NaN                   NaN                    1.0                   NaN                   NaN                   NaN                   NaN                   NaN                   NaN                   NaN                   NaN                   NaN                  NaN                   NaN                   NaN                  NaN                   NaN                   NaN                  NaN                  NaN                  NaN
2025-07-21 08:33:23,940 - INFO - 开始发送统计报告邮件...
2025-07-21 08:33:30,339 - INFO - 总执行耗时: 208.09 秒
2025-07-21 08:33:30,339 - INFO - ==================== 任务执行结束 ====================
